
ROM used:   1584/8192 (19%)
            1584/8192 (19%) including unused fragments

            0.4 Average locations per line
            3.2 Average locations per statement

RAM used:   40/368 (11%) at main() level
            64/368 (17%) worst case

Stack used: 6 worst case (6 in main + 0 for interrupts)
Stack size: 8

Lines Stmts  %   Files
----- ----- ---  -----
   32    18   4  main.c
   22     0   0  main.h
  672     0   0  C:\Program Files (x86)\PICC\Devices\16F877A.h
  146    75  15  lcd_i2c.c
  423   125  26  C:\Program Files (x86)\PICC\Drivers\string.h
   32     0   0  C:\Program Files (x86)\PICC\Drivers\stddef.h
   28     0   0  C:\Program Files (x86)\PICC\Drivers\ctype.h
 2229   257  53  C:\Program Files (x86)\PICC\Drivers\math.h
   33    13   3  pid.c
----- -----
 3617   488 Total

Page ROM  %  RAM    Vol Diff  Functions:
---- --- --- ---    --- ----  ----------
0     74   5    1             @I2C_WRITE_1
0     20   1    1             @delay_ms1
0     84   5    3    574  5.9  i2c_send_nibble
0     82   5    3    149  2.8  lcd_send_byte
0     10   1    0     61  1.9  lcd_clear
0      8   1    0             @const643
 Inline         2    785  5.6  lcd_init
0     55   3    7    650  8.0  lcd_gotoxy
0     37   2    1    403  4.4  lcd_putc
0     63   4   10             @FLT
0     31   2    2             @ITOF
0    117   7   13             @MULFF
0    321  20   16             @ADDFF
0    292  18    8    397  5.3  calculatePID
0    164  10    0    197  1.7  setup
0      3   0    0             @const902
0     86   5    4             @PSTRINGC7_653
0    105   7    0    200  2.6  MAIN
0      4   0    0             @const907
0     24   2    2             @PSTRINGR_653
 Inline         0             @cinit1

Program metrics:
    Functions               9
    Statements              488
    Comments                535
    Volume (V)              5251
    Difficulty (D)          37.7
    Effort to implement (E) 197842
    Time to implement (T)   3 hours, 3 minutes
    Est Delivered Bugs (B)  1
    Cyclomatic Complexity   18
    Maintainability (MI)    44

 Segment     Used  Free
-----------  ----  ----
00000-00003     4  0  
00004-007FF  1580  464  
00800-00FFF     0  2048  
01000-017FF     0  2048  
01800-01FFF     0  2048  



